<?xml version="1.0" encoding="UTF-8"?>
<testng-results ignored="0" total="2" passed="2" failed="0" skipped="0">
  <reporter-output>
  </reporter-output>
  <suite started-at="2024-06-13T01:19:44 IST" name="Suite" finished-at="2024-06-13T01:20:35 IST" duration-ms="50500">
    <groups>
    </groups>
    <test started-at="2024-06-13T01:19:44 IST" name="Test" finished-at="2024-06-13T01:20:35 IST" duration-ms="50500">
      <class name="TestScenarios.TestMethod_Googlesearch">
        <test-method is-config="true" signature="beforetest()[pri:0, instance:TestScenarios.TestMethod_Googlesearch@7fa98a66]" started-at="2024-06-13T01:19:44 IST" name="beforetest" finished-at="2024-06-13T01:20:08 IST" duration-ms="23307" status="PASS">
          <reporter-output>
          </reporter-output>
        </test-method> <!-- beforetest -->
        <test-method signature="getTitlee()[pri:0, instance:TestScenarios.TestMethod_Googlesearch@7fa98a66]" started-at="2024-06-13T01:20:08 IST" name="getTitlee" finished-at="2024-06-13T01:20:13 IST" duration-ms="5024" status="PASS">
          <reporter-output>
          </reporter-output>
        </test-method> <!-- getTitlee -->
        <test-method signature="searchoperation()[pri:0, instance:TestScenarios.TestMethod_Googlesearch@7fa98a66]" started-at="2024-06-13T01:20:13 IST" name="searchoperation" finished-at="2024-06-13T01:20:35 IST" duration-ms="22121" status="PASS">
          <reporter-output>
          </reporter-output>
        </test-method> <!-- searchoperation -->
        <test-method is-config="true" signature="aftertest()[pri:0, instance:TestScenarios.TestMethod_Googlesearch@7fa98a66]" started-at="2024-06-13T01:20:35 IST" name="aftertest" finished-at="2024-06-13T01:20:35 IST" duration-ms="0" status="PASS">
          <reporter-output>
          </reporter-output>
        </test-method> <!-- aftertest -->
      </class> <!-- TestScenarios.TestMethod_Googlesearch -->
    </test> <!-- Test -->
  </suite> <!-- Suite -->
</testng-results>
