<?xml version="1.0" encoding="UTF-8"?>
<testng-results ignored="0" total="2" passed="2" failed="0" skipped="0">
  <reporter-output>
  </reporter-output>
  <suite started-at="2024-06-11T01:02:05 IST" name="Default suite" finished-at="2024-06-11T01:02:49 IST" duration-ms="43610">
    <groups>
    </groups>
    <test started-at="2024-06-11T01:02:05 IST" name="Default test" finished-at="2024-06-11T01:02:49 IST" duration-ms="43610">
      <class name="TestScenarios.TestMethod_Googlesearch">
        <test-method is-config="true" signature="beforetest()[pri:0, instance:TestScenarios.TestMethod_Googlesearch@75d4a5c2]" started-at="2024-06-11T01:02:05 IST" name="beforetest" finished-at="2024-06-11T01:02:22 IST" duration-ms="16899" status="PASS">
          <reporter-output>
          </reporter-output>
        </test-method> <!-- beforetest -->
        <test-method signature="getTitlee()[pri:0, instance:TestScenarios.TestMethod_Googlesearch@75d4a5c2]" started-at="2024-06-11T01:02:22 IST" name="getTitlee" finished-at="2024-06-11T01:02:27 IST" duration-ms="5027" status="PASS">
          <reporter-output>
          </reporter-output>
        </test-method> <!-- getTitlee -->
        <test-method signature="searchoperation()[pri:0, instance:TestScenarios.TestMethod_Googlesearch@75d4a5c2]" started-at="2024-06-11T01:02:27 IST" name="searchoperation" finished-at="2024-06-11T01:02:49 IST" duration-ms="21633" status="PASS">
          <reporter-output>
          </reporter-output>
        </test-method> <!-- searchoperation -->
        <test-method is-config="true" signature="aftertest()[pri:0, instance:TestScenarios.TestMethod_Googlesearch@75d4a5c2]" started-at="2024-06-11T01:02:49 IST" name="aftertest" finished-at="2024-06-11T01:02:49 IST" duration-ms="0" status="PASS">
          <reporter-output>
          </reporter-output>
        </test-method> <!-- aftertest -->
      </class> <!-- TestScenarios.TestMethod_Googlesearch -->
    </test> <!-- Default test -->
  </suite> <!-- Default suite -->
</testng-results>
